
############################# STARTS NEW LOG RUN #############################


### Operation Generate Video Chapter Summaries for Build a Better Brain has commenced ###

Directory Build_a_Better_Brain_course_summaries created to hold the AI generated video chapter summaries

Creating directory "001. Introduction" inside directory Build_a_Better_Brain_course_summaries:
Status: Completed Uploading 01. Course Overview.mp4 to AssemblyAI
Status: queued 01. Course Overview.mp4
Status: processing 01. Course Overview.mp4
Status: processing 01. Course Overview.mp4
Status: processing 01. Course Overview.mp4
Status: processing 01. Course Overview.mp4
Status: processing 01. Course Overview.mp4
Status: completed 01. Course Overview.mp4

Summary generated for 01. Course Overview.mp4!

Status: Completed Uploading 02. Getting Ready to Take The Course.mp4 to AssemblyAI
Status: processing 02. Getting Ready to Take The Course.mp4
Status: processing 02. Getting Ready to Take The Course.mp4
Status: processing 02. Getting Ready to Take The Course.mp4
Status: processing 02. Getting Ready to Take The Course.mp4
Status: processing 02. Getting Ready to Take The Course.mp4
Status: completed 02. Getting Ready to Take The Course.mp4

Summary generated for 02. Getting Ready to Take The Course.mp4!


############################# STARTS NEW LOG RUN #############################


### Operation Generate Video Chapter Summaries for Build a Better Brain has commenced ###

Directory Build_a_Better_Brain_course_summaries already exists to hold the AI generated video chapter summaries
Skip folder creation step...
Contining...

Creating directory "001. Introduction" inside directory Build_a_Better_Brain_course_summaries:

############################# STARTS NEW LOG RUN #############################


### Operation Generate Video Chapter Summaries for Build a Better Brain has commenced ###

Directory Build_a_Better_Brain_course_summaries created to hold the AI generated video chapter summaries

Creating directory "001. Introduction" inside directory Build_a_Better_Brain_course_summaries:
Status: Completed Uploading 01. Course Overview.mp4 to AssemblyAI
Status: queued 01. Course Overview.mp4
Status: processing 01. Course Overview.mp4
Status: processing 01. Course Overview.mp4
Status: processing 01. Course Overview.mp4
Status: processing 01. Course Overview.mp4
Status: processing 01. Course Overview.mp4
Status: processing 01. Course Overview.mp4
Status: processing 01. Course Overview.mp4
Status: processing 01. Course Overview.mp4
Status: completed 01. Course Overview.mp4

Summary generated for 01. Course Overview.mp4!

Status: Completed Uploading 02. Getting Ready to Take The Course.mp4 to AssemblyAI
Status: processing 02. Getting Ready to Take The Course.mp4
Status: processing 02. Getting Ready to Take The Course.mp4
Status: processing 02. Getting Ready to Take The Course.mp4
Status: processing 02. Getting Ready to Take The Course.mp4
Status: completed 02. Getting Ready to Take The Course.mp4

Summary generated for 02. Getting Ready to Take The Course.mp4!

Completed summarizing the videos in module 001. Introduction
Moving on to the next module...

Creating directory "002. Internals of a Computer" inside directory Build_a_Better_Brain_course_summaries:
Status: Completed Uploading 01. Briefing.mp4 to AssemblyAI
Status: queued 01. Briefing.mp4
Status: processing 01. Briefing.mp4
Status: processing 01. Briefing.mp4
Status: processing 01. Briefing.mp4
Status: completed 01. Briefing.mp4

Summary generated for 01. Briefing.mp4!

Status: Completed Uploading 02. Internals.mp4 to AssemblyAI
Status: queued 02. Internals.mp4
Status: processing 02. Internals.mp4
Status: processing 02. Internals.mp4
Status: processing 02. Internals.mp4
Status: processing 02. Internals.mp4
Status: processing 02. Internals.mp4
Status: processing 02. Internals.mp4
Status: processing 02. Internals.mp4
Status: processing 02. Internals.mp4
Status: processing 02. Internals.mp4
Status: processing 02. Internals.mp4
Status: processing 02. Internals.mp4
Status: processing 02. Internals.mp4
Status: processing 02. Internals.mp4
Status: processing 02. Internals.mp4
Status: processing 02. Internals.mp4
Status: processing 02. Internals.mp4
Status: processing 02. Internals.mp4
Status: processing 02. Internals.mp4
Status: processing 02. Internals.mp4
Status: processing 02. Internals.mp4
Status: processing 02. Internals.mp4
Status: processing 02. Internals.mp4
Status: processing 02. Internals.mp4
Status: processing 02. Internals.mp4
Status: processing 02. Internals.mp4
Status: processing 02. Internals.mp4
Status: completed 02. Internals.mp4

Summary generated for 02. Internals.mp4!

Status: Completed Uploading 03. Debriefing.mp4 to AssemblyAI
Status: processing 03. Debriefing.mp4
Status: processing 03. Debriefing.mp4
Status: processing 03. Debriefing.mp4
Status: processing 03. Debriefing.mp4
Status: processing 03. Debriefing.mp4
Status: processing 03. Debriefing.mp4
Status: processing 03. Debriefing.mp4
Status: processing 03. Debriefing.mp4
Status: processing 03. Debriefing.mp4

############################# STARTS NEW LOG RUN #############################


### Operation Generate Video Chapter Summaries for Build a Better Brain has commenced ###

Directory Build_a_Better_Brain_course_summaries created to hold the AI generated video chapter summaries

Creating directory "001. Introduction" inside directory Build_a_Better_Brain_course_summaries:
Status: Completed Uploading 01. Course Overview.mp4 to AssemblyAI
Status: queued 01. Course Overview.mp4
Status: processing 01. Course Overview.mp4
Status: processing 01. Course Overview.mp4
Status: processing 01. Course Overview.mp4
Status: processing 01. Course Overview.mp4
Status: processing 01. Course Overview.mp4
Status: completed 01. Course Overview.mp4

Summary generated for 01. Course Overview.mp4!

Status: Completed Uploading 02. Getting Ready to Take The Course.mp4 to AssemblyAI
Status: queued 02. Getting Ready to Take The Course.mp4
Status: processing 02. Getting Ready to Take The Course.mp4
Status: processing 02. Getting Ready to Take The Course.mp4
Status: processing 02. Getting Ready to Take The Course.mp4
Status: completed 02. Getting Ready to Take The Course.mp4

Summary generated for 02. Getting Ready to Take The Course.mp4!

Completed summarizing the videos in module 001. Introduction
Moving on to the next module...

Creating directory "002. Internals of a Computer" inside directory Build_a_Better_Brain_course_summaries:
Status: Completed Uploading 01. Briefing.mp4 to AssemblyAI
Status: processing 01. Briefing.mp4
Status: processing 01. Briefing.mp4
Status: processing 01. Briefing.mp4
Status: processing 01. Briefing.mp4
Status: completed 01. Briefing.mp4

Summary generated for 01. Briefing.mp4!

Status: Completed Uploading 02. Internals.mp4 to AssemblyAI
Status: queued 02. Internals.mp4
Status: processing 02. Internals.mp4
Status: processing 02. Internals.mp4
Status: processing 02. Internals.mp4
Status: processing 02. Internals.mp4
Status: processing 02. Internals.mp4
Status: processing 02. Internals.mp4
Status: processing 02. Internals.mp4
Status: processing 02. Internals.mp4
Status: processing 02. Internals.mp4
Status: processing 02. Internals.mp4
Status: processing 02. Internals.mp4
Status: processing 02. Internals.mp4
Status: processing 02. Internals.mp4
Status: processing 02. Internals.mp4
Status: processing 02. Internals.mp4
Status: processing 02. Internals.mp4
Status: processing 02. Internals.mp4
Status: processing 02. Internals.mp4
Status: processing 02. Internals.mp4
Status: processing 02. Internals.mp4
Status: processing 02. Internals.mp4
Status: processing 02. Internals.mp4
Status: processing 02. Internals.mp4
Status: processing 02. Internals.mp4
Status: completed 02. Internals.mp4

Summary generated for 02. Internals.mp4!

Status: Completed Uploading 03. Debriefing.mp4 to AssemblyAI
Status: queued 03. Debriefing.mp4
Status: processing 03. Debriefing.mp4
Status: processing 03. Debriefing.mp4
Status: processing 03. Debriefing.mp4
Status: processing 03. Debriefing.mp4
Status: processing 03. Debriefing.mp4
Status: processing 03. Debriefing.mp4
Status: processing 03. Debriefing.mp4
Status: processing 03. Debriefing.mp4
Status: processing 03. Debriefing.mp4
Status: processing 03. Debriefing.mp4
Status: completed 03. Debriefing.mp4

Summary generated for 03. Debriefing.mp4!

Completed summarizing the videos in module 002. Internals of a Computer
Moving on to the next module...

Creating directory "003. Waking Up" inside directory Build_a_Better_Brain_course_summaries:
Status: Completed Uploading 01. Briefing.mp4 to AssemblyAI
Status: queued 01. Briefing.mp4
Status: processing 01. Briefing.mp4
Status: processing 01. Briefing.mp4
Status: completed 01. Briefing.mp4

Summary generated for 01. Briefing.mp4!

Status: Completed Uploading 02. Waking Up.mp4 to AssemblyAI
Status: processing 02. Waking Up.mp4
Status: processing 02. Waking Up.mp4
Status: processing 02. Waking Up.mp4
Status: processing 02. Waking Up.mp4
Status: processing 02. Waking Up.mp4
Status: processing 02. Waking Up.mp4
Status: processing 02. Waking Up.mp4
Status: processing 02. Waking Up.mp4
Status: processing 02. Waking Up.mp4
Status: processing 02. Waking Up.mp4
Status: processing 02. Waking Up.mp4
Status: processing 02. Waking Up.mp4
Status: completed 02. Waking Up.mp4

Summary generated for 02. Waking Up.mp4!

Status: Completed Uploading 03. Debriefing.mp4 to AssemblyAI
Status: queued 03. Debriefing.mp4
Status: processing 03. Debriefing.mp4
Status: processing 03. Debriefing.mp4
Status: processing 03. Debriefing.mp4
Status: processing 03. Debriefing.mp4
Status: processing 03. Debriefing.mp4
Status: completed 03. Debriefing.mp4

Summary generated for 03. Debriefing.mp4!

Completed summarizing the videos in module 003. Waking Up
Moving on to the next module...

Creating directory "004. Mysterious Programs" inside directory Build_a_Better_Brain_course_summaries:
Status: Completed Uploading 01. Briefing.mp4 to AssemblyAI
Status: queued 01. Briefing.mp4
Status: processing 01. Briefing.mp4
Status: processing 01. Briefing.mp4
Status: processing 01. Briefing.mp4
Status: completed 01. Briefing.mp4

Summary generated for 01. Briefing.mp4!

Status: Completed Uploading 02. Programs.mp4 to AssemblyAI
Status: processing 02. Programs.mp4
Status: processing 02. Programs.mp4
Status: processing 02. Programs.mp4
Status: processing 02. Programs.mp4
Status: processing 02. Programs.mp4
Status: processing 02. Programs.mp4
Status: processing 02. Programs.mp4
Status: processing 02. Programs.mp4
Status: processing 02. Programs.mp4
Status: processing 02. Programs.mp4
Status: processing 02. Programs.mp4
Status: processing 02. Programs.mp4
Status: processing 02. Programs.mp4
Status: processing 02. Programs.mp4
Status: processing 02. Programs.mp4
Status: completed 02. Programs.mp4

Summary generated for 02. Programs.mp4!

Status: Completed Uploading 03. Debriefing.mp4 to AssemblyAI
Status: processing 03. Debriefing.mp4
Status: processing 03. Debriefing.mp4
Status: processing 03. Debriefing.mp4
Status: processing 03. Debriefing.mp4
Status: processing 03. Debriefing.mp4
Status: processing 03. Debriefing.mp4
Status: processing 03. Debriefing.mp4
Status: completed 03. Debriefing.mp4

Summary generated for 03. Debriefing.mp4!

Completed summarizing the videos in module 004. Mysterious Programs
Moving on to the next module...

Creating directory "005. Computer Communication" inside directory Build_a_Better_Brain_course_summaries:
Status: Completed Uploading 01. Briefing.mp4 to AssemblyAI
Status: processing 01. Briefing.mp4
Status: processing 01. Briefing.mp4
Status: processing 01. Briefing.mp4
Status: processing 01. Briefing.mp4
Status: processing 01. Briefing.mp4
Status: completed 01. Briefing.mp4

Summary generated for 01. Briefing.mp4!

Status: Completed Uploading 02. Computer Communication.mp4 to AssemblyAI
Status: queued 02. Computer Communication.mp4
Status: processing 02. Computer Communication.mp4
Status: processing 02. Computer Communication.mp4
Status: processing 02. Computer Communication.mp4
Status: processing 02. Computer Communication.mp4
Status: processing 02. Computer Communication.mp4
Status: processing 02. Computer Communication.mp4
Status: processing 02. Computer Communication.mp4
Status: processing 02. Computer Communication.mp4
Status: processing 02. Computer Communication.mp4
Status: processing 02. Computer Communication.mp4
Status: processing 02. Computer Communication.mp4
Status: completed 02. Computer Communication.mp4

Summary generated for 02. Computer Communication.mp4!

Status: Completed Uploading 03. Debriefing.mp4 to AssemblyAI
Status: queued 03. Debriefing.mp4
Status: processing 03. Debriefing.mp4
Status: processing 03. Debriefing.mp4
Status: processing 03. Debriefing.mp4
Status: processing 03. Debriefing.mp4
Status: processing 03. Debriefing.mp4
Status: processing 03. Debriefing.mp4
Status: processing 03. Debriefing.mp4
Status: processing 03. Debriefing.mp4
Status: processing 03. Debriefing.mp4
Status: processing 03. Debriefing.mp4
Status: processing 03. Debriefing.mp4
Status: processing 03. Debriefing.mp4
Status: processing 03. Debriefing.mp4
Status: processing 03. Debriefing.mp4
Status: processing 03. Debriefing.mp4
Status: processing 03. Debriefing.mp4
Status: processing 03. Debriefing.mp4
Status: processing 03. Debriefing.mp4
Status: processing 03. Debriefing.mp4
Status: processing 03. Debriefing.mp4
Status: processing 03. Debriefing.mp4
Status: completed 03. Debriefing.mp4

Summary generated for 03. Debriefing.mp4!

Completed summarizing the videos in module 005. Computer Communication
Moving on to the next module...

Creating directory "006. Coding" inside directory Build_a_Better_Brain_course_summaries:
Status: Completed Uploading 01. Briefing.mp4 to AssemblyAI
Status: processing 01. Briefing.mp4
Status: processing 01. Briefing.mp4
Status: processing 01. Briefing.mp4
Status: processing 01. Briefing.mp4
Status: processing 01. Briefing.mp4
Status: processing 01. Briefing.mp4
Status: processing 01. Briefing.mp4
Status: completed 01. Briefing.mp4

Summary generated for 01. Briefing.mp4!

Status: Completed Uploading 02. Coding.mp4 to AssemblyAI
Status: queued 02. Coding.mp4
Status: processing 02. Coding.mp4
Status: processing 02. Coding.mp4
Status: processing 02. Coding.mp4
Status: processing 02. Coding.mp4
Status: processing 02. Coding.mp4
Status: processing 02. Coding.mp4
Status: processing 02. Coding.mp4
Status: processing 02. Coding.mp4
Status: processing 02. Coding.mp4
Status: processing 02. Coding.mp4
Status: processing 02. Coding.mp4
Status: processing 02. Coding.mp4
Status: processing 02. Coding.mp4
Status: processing 02. Coding.mp4
Status: processing 02. Coding.mp4
Status: processing 02. Coding.mp4
Status: processing 02. Coding.mp4
Status: processing 02. Coding.mp4
Status: processing 02. Coding.mp4
Status: processing 02. Coding.mp4
Status: processing 02. Coding.mp4
Status: processing 02. Coding.mp4
Status: processing 02. Coding.mp4
Status: processing 02. Coding.mp4
Status: processing 02. Coding.mp4
Status: processing 02. Coding.mp4
Status: processing 02. Coding.mp4
Status: processing 02. Coding.mp4
Status: processing 02. Coding.mp4
Status: processing 02. Coding.mp4
Status: processing 02. Coding.mp4
Status: processing 02. Coding.mp4
Status: completed 02. Coding.mp4

Summary generated for 02. Coding.mp4!

Status: Completed Uploading 03. Debriefing.mp4 to AssemblyAI
Status: queued 03. Debriefing.mp4
Status: processing 03. Debriefing.mp4
Status: processing 03. Debriefing.mp4
Status: processing 03. Debriefing.mp4
Status: completed 03. Debriefing.mp4

Summary generated for 03. Debriefing.mp4!

Completed summarizing the videos in module 006. Coding
Moving on to the next module...
